%!Adobe-FontList 1.20
%Locale:0x409

%BeginFont
Handler:DirectoryHandler
FontType:Type1
FontName:OCRAStd
FamilyName:OCR A Std
StyleName:Regular
MenuName:OCR A Std
StyleBits:0
WeightClass:400
WidthClass:5
AngleClass:0
FullName:OCR A Std
WritingScript:Roman
OutlineFileName:/Users/simonschindele/Dropbox/mbsystems/transmediale 2020/4_workfiles/INC Publication/INC_Cover(verpackt)/Document fonts/OCRAStd.otf
DataFormat:sfntData
UsesStandardEncoding:yes
isCFF:yes
hasSVG:no
VariableFontType:NonVariableFont
FileLength:30268
FileModTime:515506808
DesignSize:120
NameArray:0,Mac,4,OCR A Std
NameArray:0,Win,1,OCR A Std
%EndFont

%BeginFont
Handler:DirectoryHandler
FontType:Invalid
OutlineFileName:/Users/simonschindele/Dropbox/mbsystems/transmediale 2020/4_workfiles/INC Publication/INC_Cover(verpackt)/Document fonts/AdobeFnt20.lst
FileLength:875
FileModTime:597337327
%EndFont

